\BOOKMARK [0][]{chapter*.2}{\376\377\000L\000i\000s\000t\000\040\000o\000f\000\040\000T\000a\000b\000l\000e\000s}{}% 1
\BOOKMARK [0][]{chapter*.3}{\376\377\000L\000i\000s\000t\000\040\000o\000f\000\040\000F\000i\000g\000u\000r\000e\000s}{}% 2
\BOOKMARK [0][]{chapter*.4}{\376\377\000L\000i\000s\000t\000\040\000o\000f\000\040\000A\000b\000b\000r\000e\000v\000i\000a\000t\000i\000o\000n\000s}{}% 3
\BOOKMARK [0][]{chapter.1}{\376\377\0001\000\040\000I\000n\000t\000r\000o\000d\000u\000c\000t\000i\000o\000n}{}% 4
\BOOKMARK [1][]{section.1.1}{\376\377\0001\000.\0001\000\040\000A\000i\000m\000s\000\040\000a\000n\000d\000\040\000O\000b\000j\000e\000c\000t\000i\000v\000e\000s}{chapter.1}% 5
\BOOKMARK [1][]{section.1.2}{\376\377\0001\000.\0002\000\040\000M\000e\000t\000h\000o\000d\000o\000l\000o\000g\000y}{chapter.1}% 6
\BOOKMARK [1][]{section.1.3}{\376\377\0001\000.\0003\000\040\000R\000e\000s\000e\000a\000r\000c\000h\000\040\000C\000o\000n\000t\000r\000i\000b\000u\000t\000i\000o\000n}{chapter.1}% 7
\BOOKMARK [1][]{section.1.4}{\376\377\0001\000.\0004\000\040\000T\000h\000e\000s\000i\000s\000\040\000O\000u\000t\000l\000i\000n\000e}{chapter.1}% 8
\BOOKMARK [0][]{chapter.2}{\376\377\0002\000\040\000C\000h\000a\000p\000t\000e\000r\000\040\0002}{}% 9
\BOOKMARK [1][]{section.2.1}{\376\377\0002\000.\0001\000\040\000F\000o\000n\000t}{chapter.2}% 10
\BOOKMARK [2][]{subsection.2.1.1}{\376\377\0002\000.\0001\000.\0001\000\040\000S\000p\000e\000c\000i\000a\000l\000\040\000c\000h\000a\000r\000a\000c\000t\000e\000r\000s}{section.2.1}% 11
\BOOKMARK [3][]{subsubsection.2.1.1.1}{\376\377\0002\000.\0001\000.\0001\000.\0001\000\040\000S\000u\000b\000s\000u\000b\000s\000e\000c\000t\000i\000o\000n\000\040\000T\000i\000t\000l\000e}{subsection.2.1.1}% 12
\BOOKMARK [2][]{subsection.2.1.2}{\376\377\0002\000.\0001\000.\0002\000\040\000W\000i\000k\000i\000\040\000p\000a\000g\000e}{section.2.1}% 13
\BOOKMARK [1][]{section.2.2}{\376\377\0002\000.\0002\000\040\000A\000n\000o\000t\000h\000e\000r\000\040\000S\000e\000c\000t\000i\000o\000n}{chapter.2}% 14
\BOOKMARK [2][]{subsection.2.2.1}{\376\377\0002\000.\0002\000.\0001\000\040\000A\000n\000o\000t\000h\000e\000r\000\040\000S\000u\000b\000s\000e\000c\000t\000i\000o\000n}{section.2.2}% 15
\BOOKMARK [3][]{subsubsection.2.2.1.1}{\376\377\0002\000.\0002\000.\0001\000.\0001\000\040\000A\000n\000o\000t\000h\000e\000r\000\040\000S\000u\000b\000s\000u\000b\000s\000e\000c\000t\000i\000o\000n\000\040\000T\000i\000t\000l\000e}{subsection.2.2.1}% 16
\BOOKMARK [0][]{chapter.3}{\376\377\0003\000\040\000C\000h\000a\000p\000t\000e\000r\000\040\0003}{}% 17
\BOOKMARK [1][]{section.3.1}{\376\377\0003\000.\0001\000\040\000I\000n\000s\000e\000r\000t\000\040\000a\000\040\000F\000i\000g\000u\000r\000e}{chapter.3}% 18
\BOOKMARK [1][]{section.3.2}{\376\377\0003\000.\0002\000\040\000C\000r\000e\000a\000t\000i\000n\000g\000\040\000a\000\040\000l\000i\000s\000t}{chapter.3}% 19
\BOOKMARK [2][]{subsection.3.2.1}{\376\377\0003\000.\0002\000.\0001\000\040\000C\000r\000e\000a\000t\000i\000n\000g\000\040\000a\000\040\000T\000a\000b\000l\000e}{section.3.2}% 20
\BOOKMARK [1][]{section.3.3}{\376\377\0003\000.\0003\000\040\000Q\000u\000o\000t\000e}{chapter.3}% 21
\BOOKMARK [0][]{chapter.4}{\376\377\0004\000\040\000M\000a\000t\000h\000\040\000f\000o\000r\000m\000u\000l\000a\000e\000\040\000i\000n\000\040\000L\000a\000t\000e\000x}{}% 22
\BOOKMARK [1][]{section.4.1}{\376\377\0004\000.\0001\000\040\000M\000a\000t\000h}{chapter.4}% 23
\BOOKMARK [0][]{chapter.5}{\376\377\0005\000\040\000C\000h\000a\000p\000t\000e\000r\000\040\0005}{}% 24
\BOOKMARK [1][]{section.5.1}{\376\377\0005\000.\0001\000\040\000R\000e\000f\000e\000r\000e\000n\000c\000e\000s}{chapter.5}% 25
\BOOKMARK [0][]{chapter.6}{\376\377\0006\000\040\000C\000o\000n\000c\000l\000u\000s\000i\000o\000n\000s\000\040\000a\000n\000d\000\040\000F\000u\000t\000u\000r\000e\000\040\000D\000i\000r\000e\000c\000t\000i\000o\000n\000s}{}% 26
\BOOKMARK [1][]{section.6.1}{\376\377\0006\000.\0001\000\040\000S\000u\000m\000m\000a\000r\000y}{chapter.6}% 27
\BOOKMARK [1][]{section.6.2}{\376\377\0006\000.\0002\000\040\000C\000o\000n\000c\000l\000u\000s\000i\000o\000n\000s}{chapter.6}% 28
\BOOKMARK [1][]{section.6.3}{\376\377\0006\000.\0003\000\040\000C\000o\000n\000t\000r\000i\000b\000u\000t\000i\000o\000n\000s}{chapter.6}% 29
\BOOKMARK [1][]{section.6.4}{\376\377\0006\000.\0004\000\040\000F\000u\000t\000u\000r\000e\000\040\000W\000o\000r\000k}{chapter.6}% 30
\BOOKMARK [0][]{figure.caption.9}{\376\377\000A\000p\000p\000e\000n\000d\000i\000x\000\040\000A\000:\000\040\000I\000n\000s\000e\000r\000t\000\040\000f\000i\000g\000u\000r\000e\000\040\000i\000n\000\040\000A\000p\000p\000e\000n\000d\000i\000x}{}% 31
\BOOKMARK [0][]{section*.11}{\376\377\000A\000p\000p\000e\000n\000d\000i\000x\000\040\000B\000:\000\040\000I\000n\000s\000e\000r\000t\000\040\000T\000e\000x\000t\000\040\000i\000n\000\040\000A\000p\000p\000e\000n\000d\000i\000x}{}% 32
\BOOKMARK [0][]{lstnumber.-1.143}{\376\377\000A\000p\000p\000e\000n\000d\000i\000x\000\040\000C\000:\000\040\000I\000n\000s\000e\000r\000t\000\040\000C\000+\000+\000/\000J\000a\000v\000a\000\040\000e\000t\000\040\000a\000l\000.\000\040\000C\000o\000d\000e\000\040\000i\000n\000\040\000A\000p\000p\000e\000n\000d\000i\000x}{}% 33
\BOOKMARK [0][]{appendix*.14}{\376\377\000B\000i\000b\000l\000i\000o\000g\000r\000a\000p\000h\000y}{}% 34
